11-03 15:23:37 com_github_MitjaNemec_ReplicateLayout.action_replicate_layout 392:Plugin executed on: 'win32'
11-03 15:23:37 com_github_MitjaNemec_ReplicateLayout.action_replicate_layout 393:Plugin executed with python version: '3.11.5 (main, Aug 14 2024, 05:26:19) [MSC v.1939 64 bit (AMD64)]'
11-03 15:23:37 com_github_MitjaNemec_ReplicateLayout.action_replicate_layout 394:KiCad build version: 8.0.5
11-03 15:23:37 com_github_MitjaNemec_ReplicateLayout.action_replicate_layout 395:Plugin version: 3.0.3
11-03 15:23:37 com_github_MitjaNemec_ReplicateLayout.action_replicate_layout 396:Frame repr: <wx._core.Frame object at 0x0000014A20CE72E0>
11-03 15:23:37 com_github_MitjaNemec_ReplicateLayout.action_replicate_layout 420:Preparing replicator with U2 as a reference
11-03 15:23:37 com_github_MitjaNemec_ReplicateLayout.replicate_layout 117:getting a list of all footprints on board
11-03 15:23:37 com_github_MitjaNemec_ReplicateLayout.action_replicate_layout 468:source anchor footprint is 'U2'
Located on: ['amp_0']
With filenames: ['amp0.kicad_sch']
With sheet_id:['amp_0']
11-03 15:23:37 com_github_MitjaNemec_ReplicateLayout.action_replicate_layout 475:Corresponding footprints are 
[('U6', ['amp_2']), ('U2', ['amp_0']), ('U4', ['amp_1'])]
11-03 15:23:37 com_github_MitjaNemec_ReplicateLayout.action_replicate_layout 487:Showing dialog
11-03 15:23:37 com_github_MitjaNemec_ReplicateLayout.replicate_layout 472:constructing a list of sheets suitable for replication on level:'amp_0', file:'amp0.kicad_sch'
11-03 15:23:37 com_github_MitjaNemec_ReplicateLayout.replicate_layout 509:suitable sheets are:[['amp_1'], ['amp_2']]
11-03 15:23:37 com_github_MitjaNemec_ReplicateLayout.replicate_layout 1507:Level selected: ['amp_0']
11-03 15:23:37 com_github_MitjaNemec_ReplicateLayout.replicate_layout 1331:Filtering list of tracks
11-03 15:23:37 com_github_MitjaNemec_ReplicateLayout.action_replicate_layout 493:Toolbar position: wx.Point(906, 127)
11-03 15:23:37 com_github_MitjaNemec_ReplicateLayout.action_replicate_layout 498:Dialog position: wx.Point(467, 127)
11-03 15:23:41 com_github_MitjaNemec_ReplicateLayout.replicate_layout 472:constructing a list of sheets suitable for replication on level:'amp_0', file:'amp0.kicad_sch'
11-03 15:23:41 com_github_MitjaNemec_ReplicateLayout.replicate_layout 509:suitable sheets are:[['amp_1'], ['amp_2']]
11-03 15:23:41 com_github_MitjaNemec_ReplicateLayout.action_replicate_layout 240:Replicating layout
11-03 15:23:41 com_github_MitjaNemec_ReplicateLayout.replicate_layout 288:Starting replication of sheets: [['amp_1'], ['amp_2']]
on level: ['amp_0']
with tracks=True, zone=True, text=True, text=True, intersecting=False, remove=False, locked footprints=False, group_only=False
11-03 15:23:41 root 332:updating GUI message: 'Preparing for replication'
11-03 15:23:41 root 337:updating GUI with: 0
11-03 15:23:41 com_github_MitjaNemec_ReplicateLayout.replicate_layout 358:Getting the list of source footprints
11-03 15:23:41 com_github_MitjaNemec_ReplicateLayout.replicate_layout 368:Getting the list of all the remaining footprints
11-03 15:23:41 com_github_MitjaNemec_ReplicateLayout.replicate_layout 375:Getting source tracks
11-03 15:23:41 com_github_MitjaNemec_ReplicateLayout.replicate_layout 1331:Filtering list of tracks
11-03 15:23:41 com_github_MitjaNemec_ReplicateLayout.replicate_layout 379:Getting source zones
11-03 15:23:41 com_github_MitjaNemec_ReplicateLayout.replicate_layout 383:Getting source text items
11-03 15:23:41 com_github_MitjaNemec_ReplicateLayout.replicate_layout 387:Getting source drawing items
11-03 15:23:41 root 332:updating GUI message: 'Replicating footprints'
11-03 15:23:41 root 337:updating GUI with: 0
11-03 15:23:41 com_github_MitjaNemec_ReplicateLayout.replicate_layout 861:Replicating footprints
11-03 15:23:41 com_github_MitjaNemec_ReplicateLayout.replicate_layout 868:Replicating footprints on sheet ['amp_1']
11-03 15:23:41 com_github_MitjaNemec_ReplicateLayout.replicate_layout 985:Src text UUid:ab5bf4ce-21df-4a1b-92f8-3cca409f00b0
11-03 15:23:41 com_github_MitjaNemec_ReplicateLayout.replicate_layout 986:Dst text UUid:f457040e-5694-4138-81bd-4d85d3373321
11-03 15:23:41 com_github_MitjaNemec_ReplicateLayout.replicate_layout 985:Src text UUid:5a5e06be-55e2-41f4-b7a2-632245b959eb
11-03 15:23:41 com_github_MitjaNemec_ReplicateLayout.replicate_layout 986:Dst text UUid:df50dfb2-2ee2-46f5-9763-e8a2abb9e95f
11-03 15:23:41 com_github_MitjaNemec_ReplicateLayout.replicate_layout 985:Src text UUid:590cb54c-3a34-40a7-ac34-8d598462c4bc
11-03 15:23:41 com_github_MitjaNemec_ReplicateLayout.replicate_layout 986:Dst text UUid:69ee38d7-a0f9-4fbf-8c5b-f702715e19ed
11-03 15:23:41 com_github_MitjaNemec_ReplicateLayout.replicate_layout 985:Src text UUid:1c118e92-5961-4ff5-b38a-2064fc45acf1
11-03 15:23:41 com_github_MitjaNemec_ReplicateLayout.replicate_layout 986:Dst text UUid:dbf03edb-482a-4247-93e5-9d5d6424e951
11-03 15:23:41 com_github_MitjaNemec_ReplicateLayout.replicate_layout 985:Src text UUid:148cc159-0c6a-4e18-b888-97f4bdf39620
11-03 15:23:41 com_github_MitjaNemec_ReplicateLayout.replicate_layout 986:Dst text UUid:2d257e05-25cf-4f76-9287-d1393bcdf2f8
11-03 15:23:41 com_github_MitjaNemec_ReplicateLayout.replicate_layout 985:Src text UUid:d82cea1e-fa36-440f-b913-dfa1e289b8ed
11-03 15:23:41 com_github_MitjaNemec_ReplicateLayout.replicate_layout 986:Dst text UUid:4e9a1033-6e71-49ba-9775-aa74fa11ae69
11-03 15:23:41 com_github_MitjaNemec_ReplicateLayout.replicate_layout 985:Src text UUid:2ff0cb2f-a9a2-4b69-b80c-ab2512877881
11-03 15:23:41 com_github_MitjaNemec_ReplicateLayout.replicate_layout 986:Dst text UUid:bf17c1f9-050d-4129-99c8-8f0a84df3790
11-03 15:23:41 com_github_MitjaNemec_ReplicateLayout.replicate_layout 985:Src text UUid:60420b3b-8e5b-48aa-83a0-a83bdaf4e405
11-03 15:23:41 com_github_MitjaNemec_ReplicateLayout.replicate_layout 986:Dst text UUid:4740908d-649d-46bf-b32d-b4d0a9f2669c
11-03 15:23:41 com_github_MitjaNemec_ReplicateLayout.replicate_layout 985:Src text UUid:c19ab9b5-215d-48a4-b9d2-6a735d15dde7
11-03 15:23:41 com_github_MitjaNemec_ReplicateLayout.replicate_layout 986:Dst text UUid:a594d399-c478-49ce-9c7b-692dc4d10a85
11-03 15:23:41 com_github_MitjaNemec_ReplicateLayout.replicate_layout 985:Src text UUid:176ca1f1-f680-4a4d-b0f1-19d23d08ba58
11-03 15:23:41 com_github_MitjaNemec_ReplicateLayout.replicate_layout 986:Dst text UUid:541f6634-5dfd-4c1b-9b93-7ecaa61031b0
11-03 15:23:41 com_github_MitjaNemec_ReplicateLayout.replicate_layout 985:Src text UUid:5cf8fd04-9489-47f8-9a2f-c09ed0e374f7
11-03 15:23:41 com_github_MitjaNemec_ReplicateLayout.replicate_layout 986:Dst text UUid:81220be7-8b05-4532-8b87-439ef2cd14c8
11-03 15:23:41 com_github_MitjaNemec_ReplicateLayout.replicate_layout 985:Src text UUid:637de120-7ff2-4d51-9933-73b870ce155b
11-03 15:23:41 com_github_MitjaNemec_ReplicateLayout.replicate_layout 986:Dst text UUid:10dac61b-1cd1-44f7-aa10-7f93a6dd658b
11-03 15:23:41 com_github_MitjaNemec_ReplicateLayout.replicate_layout 985:Src text UUid:1f2da46d-ac37-4c43-a05a-a8be2bf81e00
11-03 15:23:41 com_github_MitjaNemec_ReplicateLayout.replicate_layout 986:Dst text UUid:ac53728b-6bf6-4588-9c01-43a26be5eb13
11-03 15:23:41 com_github_MitjaNemec_ReplicateLayout.replicate_layout 985:Src text UUid:93c70363-458e-4a8e-83b3-ebc2c8e93fb5
11-03 15:23:41 com_github_MitjaNemec_ReplicateLayout.replicate_layout 986:Dst text UUid:d67d26e9-2ffe-4fc5-a4dd-eedb5e27cc15
11-03 15:23:41 com_github_MitjaNemec_ReplicateLayout.replicate_layout 985:Src text UUid:8253d8f8-7d13-44cc-b8c3-25506d3c6d35
11-03 15:23:41 com_github_MitjaNemec_ReplicateLayout.replicate_layout 986:Dst text UUid:9fe74b6d-5b43-43dc-8251-2857d9618182
11-03 15:23:41 com_github_MitjaNemec_ReplicateLayout.replicate_layout 985:Src text UUid:e849333b-94ee-453d-9c53-7589793a326c
11-03 15:23:41 com_github_MitjaNemec_ReplicateLayout.replicate_layout 986:Dst text UUid:8b678aee-c457-433d-9ae4-5ede9c8be865
11-03 15:23:41 com_github_MitjaNemec_ReplicateLayout.replicate_layout 985:Src text UUid:9cdaf88e-ec04-4fda-ad74-e2df7d9f39d5
11-03 15:23:41 com_github_MitjaNemec_ReplicateLayout.replicate_layout 986:Dst text UUid:3423da2c-c2d0-4e35-8393-a318c5a5ec95
11-03 15:23:41 com_github_MitjaNemec_ReplicateLayout.replicate_layout 985:Src text UUid:78523b5c-fce0-4de9-8406-2c63e838d700
11-03 15:23:41 com_github_MitjaNemec_ReplicateLayout.replicate_layout 986:Dst text UUid:714650b7-62aa-432a-90d5-65a1f2f8db2a
11-03 15:23:41 com_github_MitjaNemec_ReplicateLayout.replicate_layout 985:Src text UUid:4e70d403-1037-4c47-97c8-fe30ea0e8b4a
11-03 15:23:41 com_github_MitjaNemec_ReplicateLayout.replicate_layout 986:Dst text UUid:67f04900-c174-4189-9c68-7fc1adf64c87
11-03 15:23:41 com_github_MitjaNemec_ReplicateLayout.replicate_layout 985:Src text UUid:8541ca5a-f7ca-4838-8ec9-3e36dc0f7226
11-03 15:23:41 com_github_MitjaNemec_ReplicateLayout.replicate_layout 986:Dst text UUid:69aa6c7f-3c8c-442a-935b-b6ee10309f4b
11-03 15:23:41 com_github_MitjaNemec_ReplicateLayout.replicate_layout 985:Src text UUid:9e218271-e188-4700-83f2-67936554d481
11-03 15:23:41 com_github_MitjaNemec_ReplicateLayout.replicate_layout 986:Dst text UUid:09c84e29-5714-4277-8ea4-32e43773648d
11-03 15:23:41 com_github_MitjaNemec_ReplicateLayout.replicate_layout 985:Src text UUid:a55871f5-638b-4612-a00b-daad967a656f
11-03 15:23:41 com_github_MitjaNemec_ReplicateLayout.replicate_layout 986:Dst text UUid:311a632c-6e8c-436a-b764-cb202c596ee0
11-03 15:23:41 com_github_MitjaNemec_ReplicateLayout.replicate_layout 985:Src text UUid:e26436cf-4a25-4c01-aa67-120548e9c985
11-03 15:23:41 com_github_MitjaNemec_ReplicateLayout.replicate_layout 986:Dst text UUid:0a3cb7f3-e17d-4428-afde-dc968e198be0
11-03 15:23:41 com_github_MitjaNemec_ReplicateLayout.replicate_layout 985:Src text UUid:20f263fc-7d87-44cc-81b7-0dc2f2e5ec1d
11-03 15:23:41 com_github_MitjaNemec_ReplicateLayout.replicate_layout 986:Dst text UUid:8b5c78f8-dc1f-4aff-9346-3c3172210eee
11-03 15:23:41 com_github_MitjaNemec_ReplicateLayout.replicate_layout 985:Src text UUid:c1708bcc-86c7-4032-bc44-0f5a6553051e
11-03 15:23:41 com_github_MitjaNemec_ReplicateLayout.replicate_layout 986:Dst text UUid:2d853b35-1460-43a2-8324-046d33167bb3
11-03 15:23:41 root 337:updating GUI with: 14
11-03 15:23:41 com_github_MitjaNemec_ReplicateLayout.replicate_layout 985:Src text UUid:4a010de9-96c1-43f8-b0e6-650f234399b0
11-03 15:23:41 com_github_MitjaNemec_ReplicateLayout.replicate_layout 986:Dst text UUid:4fb87890-85e2-44be-88d2-7bae501a41e5
11-03 15:23:41 com_github_MitjaNemec_ReplicateLayout.replicate_layout 985:Src text UUid:2a688308-e6b8-4edc-b8cd-5181e26f93aa
11-03 15:23:41 com_github_MitjaNemec_ReplicateLayout.replicate_layout 986:Dst text UUid:f48f48d4-4e41-47b9-890d-987e7ba9c997
11-03 15:23:41 com_github_MitjaNemec_ReplicateLayout.replicate_layout 985:Src text UUid:984a8f45-c9d4-444b-811b-710fb6f6b201
11-03 15:23:41 com_github_MitjaNemec_ReplicateLayout.replicate_layout 986:Dst text UUid:b89988a3-88e0-45cd-b2c5-8c9eeae059f3
11-03 15:23:41 com_github_MitjaNemec_ReplicateLayout.replicate_layout 985:Src text UUid:01385ba3-9115-4b63-9501-b974cbf0fd49
11-03 15:23:41 com_github_MitjaNemec_ReplicateLayout.replicate_layout 986:Dst text UUid:6cc7472b-57d0-4ce0-815a-03fd9542ad0f
11-03 15:23:41 com_github_MitjaNemec_ReplicateLayout.replicate_layout 985:Src text UUid:eee10a86-a684-479d-aa2c-ef453d7849cc
11-03 15:23:41 com_github_MitjaNemec_ReplicateLayout.replicate_layout 986:Dst text UUid:cfb7823b-d3ad-4ced-9128-f8ee0e0d52a1
11-03 15:23:41 com_github_MitjaNemec_ReplicateLayout.replicate_layout 985:Src text UUid:a9ce83d3-b159-4787-a1bb-46d5dae3ab6a
11-03 15:23:41 com_github_MitjaNemec_ReplicateLayout.replicate_layout 986:Dst text UUid:9396ea34-045b-4309-afb8-11878366c471
11-03 15:23:41 com_github_MitjaNemec_ReplicateLayout.replicate_layout 985:Src text UUid:3d61b26a-9182-409b-bd96-38521109cc7a
11-03 15:23:41 com_github_MitjaNemec_ReplicateLayout.replicate_layout 986:Dst text UUid:a5eb0d2e-76eb-42c7-9ec1-1f2aeb6599bd
11-03 15:23:41 com_github_MitjaNemec_ReplicateLayout.replicate_layout 985:Src text UUid:4a82b417-1646-481d-ae3f-13ca766b2d5e
11-03 15:23:41 com_github_MitjaNemec_ReplicateLayout.replicate_layout 986:Dst text UUid:b9258f34-17bb-4b23-afb4-104742fa9160
11-03 15:23:41 com_github_MitjaNemec_ReplicateLayout.replicate_layout 985:Src text UUid:40f7cf6f-2973-4c3e-b037-b49ee7966002
11-03 15:23:41 com_github_MitjaNemec_ReplicateLayout.replicate_layout 986:Dst text UUid:0e1ac6c9-3d40-4497-9dfc-eebe251acb51
11-03 15:23:41 com_github_MitjaNemec_ReplicateLayout.replicate_layout 985:Src text UUid:cfc6dbac-4553-4f91-a161-8572eb7ca765
11-03 15:23:41 com_github_MitjaNemec_ReplicateLayout.replicate_layout 986:Dst text UUid:b5947a46-7b3b-4770-a6e2-58b9d3c44ca0
11-03 15:23:41 com_github_MitjaNemec_ReplicateLayout.replicate_layout 985:Src text UUid:8eb1f2cc-be36-49f9-8c9a-ae2717c53ee0
11-03 15:23:41 com_github_MitjaNemec_ReplicateLayout.replicate_layout 986:Dst text UUid:013c21cd-1e4b-4c88-9a8e-e4ed94f5cf98
11-03 15:23:41 com_github_MitjaNemec_ReplicateLayout.replicate_layout 985:Src text UUid:daef1553-a84d-4a11-b277-1c256efddfc6
11-03 15:23:41 com_github_MitjaNemec_ReplicateLayout.replicate_layout 986:Dst text UUid:c0f659c5-a0fb-40bd-9fff-a7dc6401f2bf
11-03 15:23:41 com_github_MitjaNemec_ReplicateLayout.replicate_layout 985:Src text UUid:0561d9b0-6e4f-4a8c-9e45-7a6a331b3972
11-03 15:23:41 com_github_MitjaNemec_ReplicateLayout.replicate_layout 986:Dst text UUid:cd2320b4-2e77-45a3-a84f-58f2e512a551
11-03 15:23:41 com_github_MitjaNemec_ReplicateLayout.replicate_layout 985:Src text UUid:fcc15557-fe3a-48b6-b7e4-f607b04e6384
11-03 15:23:41 com_github_MitjaNemec_ReplicateLayout.replicate_layout 986:Dst text UUid:021ee421-cf35-4e52-88be-dd1a9529fa38
11-03 15:23:41 com_github_MitjaNemec_ReplicateLayout.replicate_layout 985:Src text UUid:26081c2b-4426-4910-b889-fdab5baa0136
11-03 15:23:41 com_github_MitjaNemec_ReplicateLayout.replicate_layout 986:Dst text UUid:22c85d3a-eb56-43dc-a7ea-c2d5d18a8d40
11-03 15:23:41 com_github_MitjaNemec_ReplicateLayout.replicate_layout 985:Src text UUid:8ff37c3e-aab8-4418-9504-86ddadc7227f
11-03 15:23:41 com_github_MitjaNemec_ReplicateLayout.replicate_layout 986:Dst text UUid:1a82a901-a354-4c89-b6b2-af8a7740578f
11-03 15:23:41 com_github_MitjaNemec_ReplicateLayout.replicate_layout 985:Src text UUid:3fbcf2c9-f4ef-4c76-8762-5fb79f09ff38
11-03 15:23:41 com_github_MitjaNemec_ReplicateLayout.replicate_layout 986:Dst text UUid:8622a850-b1cc-4f46-ad9f-c16ae2544007
11-03 15:23:41 com_github_MitjaNemec_ReplicateLayout.replicate_layout 985:Src text UUid:b6419b87-a858-4060-aa72-0944878ab273
11-03 15:23:41 com_github_MitjaNemec_ReplicateLayout.replicate_layout 986:Dst text UUid:da60d5b8-3d33-4925-b190-6c373bed9745
11-03 15:23:41 com_github_MitjaNemec_ReplicateLayout.replicate_layout 985:Src text UUid:8683e3d4-ed6b-4069-9c09-22bade9e92a8
11-03 15:23:41 com_github_MitjaNemec_ReplicateLayout.replicate_layout 986:Dst text UUid:a900db8d-6e60-4f6d-8235-1bf8dc0f29f7
11-03 15:23:41 com_github_MitjaNemec_ReplicateLayout.replicate_layout 985:Src text UUid:a70c2b72-abe1-4c76-8a2c-b533614de085
11-03 15:23:41 com_github_MitjaNemec_ReplicateLayout.replicate_layout 986:Dst text UUid:0bfeda36-cf85-4b7e-b658-23bb29558c4c
11-03 15:23:41 com_github_MitjaNemec_ReplicateLayout.replicate_layout 985:Src text UUid:e688bdc7-68b4-4773-8fbf-e3e780302df9
11-03 15:23:41 com_github_MitjaNemec_ReplicateLayout.replicate_layout 986:Dst text UUid:d3f654e1-ae69-4ff0-a1db-3dfb3a410126
11-03 15:23:41 com_github_MitjaNemec_ReplicateLayout.replicate_layout 985:Src text UUid:a388835a-2c91-415f-9189-ed9fc076702e
11-03 15:23:41 com_github_MitjaNemec_ReplicateLayout.replicate_layout 986:Dst text UUid:cc3af417-8c6b-422f-bef6-dcc148c5c464
11-03 15:23:41 com_github_MitjaNemec_ReplicateLayout.replicate_layout 985:Src text UUid:41ef859e-80a9-4a8e-bbc8-1218eadca20f
11-03 15:23:41 com_github_MitjaNemec_ReplicateLayout.replicate_layout 986:Dst text UUid:e7506d6d-dfc9-481d-9fdd-7cfe7c2dafae
11-03 15:23:41 com_github_MitjaNemec_ReplicateLayout.replicate_layout 985:Src text UUid:9a86452e-26ea-4390-be6b-e350657ca655
11-03 15:23:41 com_github_MitjaNemec_ReplicateLayout.replicate_layout 986:Dst text UUid:4d45a0a4-8315-4253-921c-78a6ca7aff6d
11-03 15:23:41 com_github_MitjaNemec_ReplicateLayout.replicate_layout 985:Src text UUid:8c21e72a-1580-447c-83ed-5a9d17de3344
11-03 15:23:41 com_github_MitjaNemec_ReplicateLayout.replicate_layout 986:Dst text UUid:fa331457-7c05-44d9-91dd-41d4ac442018
11-03 15:23:41 com_github_MitjaNemec_ReplicateLayout.replicate_layout 985:Src text UUid:17db2b49-1f3a-4620-8310-837c4bfe73f5
11-03 15:23:41 com_github_MitjaNemec_ReplicateLayout.replicate_layout 986:Dst text UUid:f5d3a2ae-cc62-4cab-8bb5-e54beec919b4
11-03 15:23:41 com_github_MitjaNemec_ReplicateLayout.replicate_layout 985:Src text UUid:2d6497d8-c088-49c1-a6c6-5e8931d59451
11-03 15:23:41 com_github_MitjaNemec_ReplicateLayout.replicate_layout 986:Dst text UUid:a16b4c03-27c9-4897-b886-95da376c6156
11-03 15:23:41 com_github_MitjaNemec_ReplicateLayout.replicate_layout 985:Src text UUid:b3e00fd3-61a5-4463-9f44-1ee5b2924396
11-03 15:23:41 com_github_MitjaNemec_ReplicateLayout.replicate_layout 986:Dst text UUid:11b2e940-9de2-4672-b5ec-047631f3e3d9
11-03 15:23:41 com_github_MitjaNemec_ReplicateLayout.replicate_layout 985:Src text UUid:36496921-1b09-49ed-8371-f469a04d5113
11-03 15:23:41 com_github_MitjaNemec_ReplicateLayout.replicate_layout 986:Dst text UUid:24dabbff-091e-4c50-a49d-92f53c9f76bd
11-03 15:23:41 com_github_MitjaNemec_ReplicateLayout.replicate_layout 985:Src text UUid:add1a0bf-95f2-4fd8-b28b-2690f63d91a9
11-03 15:23:41 com_github_MitjaNemec_ReplicateLayout.replicate_layout 986:Dst text UUid:e22f8e84-974e-46e3-9376-e803b6ad3c6c
11-03 15:23:41 com_github_MitjaNemec_ReplicateLayout.replicate_layout 985:Src text UUid:ab41952f-3b6f-4318-8096-018df114b67a
11-03 15:23:41 com_github_MitjaNemec_ReplicateLayout.replicate_layout 986:Dst text UUid:fa69f2ea-94c6-4f29-9c9d-60a5e254b864
11-03 15:23:41 com_github_MitjaNemec_ReplicateLayout.replicate_layout 985:Src text UUid:419127f2-603e-440e-81a8-c2faef9b1c5b
11-03 15:23:41 com_github_MitjaNemec_ReplicateLayout.replicate_layout 986:Dst text UUid:b1d71e59-84d2-40cf-bec4-7d806fb33fd0
11-03 15:23:41 com_github_MitjaNemec_ReplicateLayout.replicate_layout 985:Src text UUid:75f2b10e-6e5b-4e8b-b85b-7187db171de1
11-03 15:23:41 com_github_MitjaNemec_ReplicateLayout.replicate_layout 986:Dst text UUid:5c7e77b9-2698-4890-81c1-51224cddad3e
11-03 15:23:41 com_github_MitjaNemec_ReplicateLayout.replicate_layout 985:Src text UUid:beefa3ee-70ab-4684-8e57-bba067655227
11-03 15:23:41 com_github_MitjaNemec_ReplicateLayout.replicate_layout 986:Dst text UUid:78ec54ee-42ed-4b3a-aa64-d6afac56586f
11-03 15:23:41 com_github_MitjaNemec_ReplicateLayout.replicate_layout 985:Src text UUid:8c975bfd-665a-4f53-990b-79ac80b5c3ac
11-03 15:23:41 com_github_MitjaNemec_ReplicateLayout.replicate_layout 986:Dst text UUid:4054f72a-9efb-4797-a9d0-ea96ffc08f0a
11-03 15:23:41 com_github_MitjaNemec_ReplicateLayout.replicate_layout 985:Src text UUid:85c37365-bc07-427c-8818-cabeb94bc65d
11-03 15:23:41 com_github_MitjaNemec_ReplicateLayout.replicate_layout 986:Dst text UUid:3914a7f1-3d27-4624-8c42-6ef7fff41698
11-03 15:23:41 com_github_MitjaNemec_ReplicateLayout.replicate_layout 985:Src text UUid:2bbda822-c177-454a-bb28-0b74736d6937
11-03 15:23:41 com_github_MitjaNemec_ReplicateLayout.replicate_layout 986:Dst text UUid:0d945b51-79e5-4ce1-ac19-6224db4aaee0
11-03 15:23:41 com_github_MitjaNemec_ReplicateLayout.replicate_layout 985:Src text UUid:975bd2b3-f5ca-4a01-893a-dd5d4f7790e7
11-03 15:23:41 com_github_MitjaNemec_ReplicateLayout.replicate_layout 986:Dst text UUid:4a77860d-aa04-4bdc-9a07-7f2e513b0d08
11-03 15:23:41 com_github_MitjaNemec_ReplicateLayout.replicate_layout 985:Src text UUid:cf0d0588-c938-41b7-987a-e4ddd89fd1c8
11-03 15:23:41 com_github_MitjaNemec_ReplicateLayout.replicate_layout 986:Dst text UUid:d992f5c7-1334-46e6-867e-cf7672feb2a8
11-03 15:23:41 com_github_MitjaNemec_ReplicateLayout.replicate_layout 985:Src text UUid:486da276-a40d-4851-93c7-5f9ad0c113c9
11-03 15:23:41 com_github_MitjaNemec_ReplicateLayout.replicate_layout 986:Dst text UUid:44a2bab5-afbd-4fd5-aaf3-e7f4bdf1e551
11-03 15:23:41 com_github_MitjaNemec_ReplicateLayout.replicate_layout 985:Src text UUid:6bf3b39f-c95e-4ec7-bbac-0e2c5fda7414
11-03 15:23:41 com_github_MitjaNemec_ReplicateLayout.replicate_layout 986:Dst text UUid:5d1c9275-54ac-4579-8372-a5aa7bcd1191
11-03 15:23:41 com_github_MitjaNemec_ReplicateLayout.replicate_layout 985:Src text UUid:61c4f2c2-0b2d-4a9d-a7d0-9de7bfb597d7
11-03 15:23:41 com_github_MitjaNemec_ReplicateLayout.replicate_layout 986:Dst text UUid:f331632a-51a4-416b-9e19-3c907f92ab89
11-03 15:23:41 com_github_MitjaNemec_ReplicateLayout.replicate_layout 985:Src text UUid:62f47839-e9ce-43da-82d6-c10f9cb6cf64
11-03 15:23:41 com_github_MitjaNemec_ReplicateLayout.replicate_layout 986:Dst text UUid:0395f38b-a07d-479f-8244-791efe85f652
11-03 15:23:41 com_github_MitjaNemec_ReplicateLayout.replicate_layout 985:Src text UUid:7d378353-8328-4597-8fda-72ce00fdf99d
11-03 15:23:41 com_github_MitjaNemec_ReplicateLayout.replicate_layout 986:Dst text UUid:6da9775f-0404-4960-8cae-6f5b971a3884
11-03 15:23:41 com_github_MitjaNemec_ReplicateLayout.replicate_layout 985:Src text UUid:ee200236-345c-4d79-8b87-32f65099ae8b
11-03 15:23:41 com_github_MitjaNemec_ReplicateLayout.replicate_layout 986:Dst text UUid:4899dfe8-d3f0-4adc-92dd-d07ed5f9d5b8
11-03 15:23:41 com_github_MitjaNemec_ReplicateLayout.replicate_layout 985:Src text UUid:699a8c76-7cae-45b2-a3fd-7f10cf568056
11-03 15:23:41 com_github_MitjaNemec_ReplicateLayout.replicate_layout 986:Dst text UUid:cf1f3c42-843f-4956-8476-c79e80dea1b0
11-03 15:23:41 com_github_MitjaNemec_ReplicateLayout.replicate_layout 985:Src text UUid:09f3bff2-d370-40a5-bd91-ac54496e047e
11-03 15:23:41 com_github_MitjaNemec_ReplicateLayout.replicate_layout 986:Dst text UUid:00837164-fd34-4d84-9e22-239a0e9ec13d
11-03 15:23:41 com_github_MitjaNemec_ReplicateLayout.replicate_layout 985:Src text UUid:c8a6c018-2911-4662-8886-3864b1e3ec63
11-03 15:23:41 com_github_MitjaNemec_ReplicateLayout.replicate_layout 986:Dst text UUid:71dd7734-ba92-4ef5-beb5-ddeb000fe37a
11-03 15:23:41 com_github_MitjaNemec_ReplicateLayout.replicate_layout 985:Src text UUid:bb8b1f27-a0c7-4b26-a8f8-8ab0da6f6b9c
11-03 15:23:41 com_github_MitjaNemec_ReplicateLayout.replicate_layout 986:Dst text UUid:6ed94515-c6b5-41b7-8e7a-2d62d616e387
11-03 15:23:41 com_github_MitjaNemec_ReplicateLayout.replicate_layout 985:Src text UUid:142c4313-647c-420b-8709-9937ef6fa788
11-03 15:23:41 com_github_MitjaNemec_ReplicateLayout.replicate_layout 986:Dst text UUid:eb97fb6a-4ec1-4250-b88a-8ed3b25f8999
11-03 15:23:41 com_github_MitjaNemec_ReplicateLayout.replicate_layout 985:Src text UUid:a98f31e2-76f8-4d03-ae2a-e8f3030d11e1
11-03 15:23:41 com_github_MitjaNemec_ReplicateLayout.replicate_layout 986:Dst text UUid:1626d952-6772-404c-9bd8-2f0320d41f07
11-03 15:23:41 com_github_MitjaNemec_ReplicateLayout.replicate_layout 985:Src text UUid:72dffa6a-ebe1-45af-b8b0-3af20ad05bb5
11-03 15:23:41 com_github_MitjaNemec_ReplicateLayout.replicate_layout 986:Dst text UUid:f44dd807-e455-4d95-8241-c20d1d39bce1
11-03 15:23:41 com_github_MitjaNemec_ReplicateLayout.replicate_layout 985:Src text UUid:96a27394-150e-4391-82d7-5607a653cf3f
11-03 15:23:41 com_github_MitjaNemec_ReplicateLayout.replicate_layout 986:Dst text UUid:81089f00-5c08-49c4-b094-f615869627f1
11-03 15:23:41 com_github_MitjaNemec_ReplicateLayout.replicate_layout 985:Src text UUid:c2401771-4312-4147-ba5a-ecab27a42c2e
11-03 15:23:41 com_github_MitjaNemec_ReplicateLayout.replicate_layout 986:Dst text UUid:c42641cc-dd12-44e8-8a93-316fdce9b3fd
11-03 15:23:41 com_github_MitjaNemec_ReplicateLayout.replicate_layout 985:Src text UUid:6a050e00-9ab6-42e9-a361-b59f3ce463b1
11-03 15:23:41 com_github_MitjaNemec_ReplicateLayout.replicate_layout 986:Dst text UUid:258f615e-3ac8-4605-a5e0-b6485eaaf77e
11-03 15:23:41 com_github_MitjaNemec_ReplicateLayout.replicate_layout 985:Src text UUid:976615f1-9e4d-4130-b45a-ade83441ccda
11-03 15:23:41 com_github_MitjaNemec_ReplicateLayout.replicate_layout 986:Dst text UUid:86728541-b2d7-4cfa-9fc6-6aaea9a04a58
11-03 15:23:41 com_github_MitjaNemec_ReplicateLayout.replicate_layout 985:Src text UUid:c62af097-a850-4c91-a3b9-38f943d11d8a
11-03 15:23:41 com_github_MitjaNemec_ReplicateLayout.replicate_layout 986:Dst text UUid:2ac70543-c359-4b6b-8b78-cbbce04fc92b
11-03 15:23:41 com_github_MitjaNemec_ReplicateLayout.replicate_layout 985:Src text UUid:3e0fdc87-5dec-43d6-b924-b8012666942a
11-03 15:23:41 com_github_MitjaNemec_ReplicateLayout.replicate_layout 986:Dst text UUid:758e75b5-610f-49db-948b-3c5639495625
11-03 15:23:41 com_github_MitjaNemec_ReplicateLayout.replicate_layout 985:Src text UUid:611c6ef3-42ad-4555-a4b0-fabb9e9b9ab3
11-03 15:23:41 com_github_MitjaNemec_ReplicateLayout.replicate_layout 986:Dst text UUid:7cb4d95d-6d1a-4e9d-aa96-cda22a1e4e2b
11-03 15:23:41 com_github_MitjaNemec_ReplicateLayout.replicate_layout 985:Src text UUid:973c8282-bc26-4b26-9f52-bc07c205cbc1
11-03 15:23:41 com_github_MitjaNemec_ReplicateLayout.replicate_layout 986:Dst text UUid:53697296-f7d5-4335-a369-a6f078a3967d
11-03 15:23:41 root 337:updating GUI with: 49
11-03 15:23:41 com_github_MitjaNemec_ReplicateLayout.replicate_layout 985:Src text UUid:e1bf1213-cb62-4770-8570-cea007594ecf
11-03 15:23:41 com_github_MitjaNemec_ReplicateLayout.replicate_layout 986:Dst text UUid:94d8aea1-1a07-41f5-a7b4-b2b11068e700
11-03 15:23:41 com_github_MitjaNemec_ReplicateLayout.replicate_layout 985:Src text UUid:fb2eae33-9975-4d1a-9357-93b1a10ebad5
11-03 15:23:41 com_github_MitjaNemec_ReplicateLayout.replicate_layout 986:Dst text UUid:41c878f3-10c9-4c11-a43d-74ecf6cf3434
11-03 15:23:41 com_github_MitjaNemec_ReplicateLayout.replicate_layout 985:Src text UUid:ff59999d-e576-43bf-af60-d8b29779c64c
11-03 15:23:41 com_github_MitjaNemec_ReplicateLayout.replicate_layout 986:Dst text UUid:b4d71de9-e0d8-4f0e-8bb0-03007fae677a
11-03 15:23:41 com_github_MitjaNemec_ReplicateLayout.replicate_layout 868:Replicating footprints on sheet ['amp_2']
11-03 15:23:41 com_github_MitjaNemec_ReplicateLayout.replicate_layout 985:Src text UUid:ab5bf4ce-21df-4a1b-92f8-3cca409f00b0
11-03 15:23:41 com_github_MitjaNemec_ReplicateLayout.replicate_layout 986:Dst text UUid:83750fff-2571-4875-9fb9-8df177468867
11-03 15:23:41 com_github_MitjaNemec_ReplicateLayout.replicate_layout 985:Src text UUid:5a5e06be-55e2-41f4-b7a2-632245b959eb
11-03 15:23:41 com_github_MitjaNemec_ReplicateLayout.replicate_layout 986:Dst text UUid:3ba45122-3ff6-4ae0-898d-e6263561e834
11-03 15:23:41 com_github_MitjaNemec_ReplicateLayout.replicate_layout 985:Src text UUid:590cb54c-3a34-40a7-ac34-8d598462c4bc
11-03 15:23:41 com_github_MitjaNemec_ReplicateLayout.replicate_layout 986:Dst text UUid:49547061-8307-4fbb-90d3-dfa34a9f28d3
11-03 15:23:41 com_github_MitjaNemec_ReplicateLayout.replicate_layout 985:Src text UUid:1c118e92-5961-4ff5-b38a-2064fc45acf1
11-03 15:23:41 com_github_MitjaNemec_ReplicateLayout.replicate_layout 986:Dst text UUid:fc785c73-2208-4539-8c98-dae718a3b88b
11-03 15:23:41 com_github_MitjaNemec_ReplicateLayout.replicate_layout 985:Src text UUid:148cc159-0c6a-4e18-b888-97f4bdf39620
11-03 15:23:41 com_github_MitjaNemec_ReplicateLayout.replicate_layout 986:Dst text UUid:8e8b585d-7aea-42e9-bc2d-c89162e7fa3f
11-03 15:23:41 com_github_MitjaNemec_ReplicateLayout.replicate_layout 985:Src text UUid:d82cea1e-fa36-440f-b913-dfa1e289b8ed
11-03 15:23:41 com_github_MitjaNemec_ReplicateLayout.replicate_layout 986:Dst text UUid:04990be3-2b74-4eda-b596-d7adb86fd6de
11-03 15:23:41 com_github_MitjaNemec_ReplicateLayout.replicate_layout 985:Src text UUid:2ff0cb2f-a9a2-4b69-b80c-ab2512877881
11-03 15:23:41 com_github_MitjaNemec_ReplicateLayout.replicate_layout 986:Dst text UUid:5b290be7-c2ad-4ac8-9f4d-03596976898f
11-03 15:23:41 com_github_MitjaNemec_ReplicateLayout.replicate_layout 985:Src text UUid:60420b3b-8e5b-48aa-83a0-a83bdaf4e405
11-03 15:23:41 com_github_MitjaNemec_ReplicateLayout.replicate_layout 986:Dst text UUid:2cd40d67-2048-4c27-9bfe-3ee2d0617450
11-03 15:23:41 com_github_MitjaNemec_ReplicateLayout.replicate_layout 985:Src text UUid:c19ab9b5-215d-48a4-b9d2-6a735d15dde7
11-03 15:23:41 com_github_MitjaNemec_ReplicateLayout.replicate_layout 986:Dst text UUid:2df2b124-1f54-44e3-a8b8-f7f811fd10ba
11-03 15:23:41 com_github_MitjaNemec_ReplicateLayout.replicate_layout 985:Src text UUid:176ca1f1-f680-4a4d-b0f1-19d23d08ba58
11-03 15:23:41 com_github_MitjaNemec_ReplicateLayout.replicate_layout 986:Dst text UUid:a6581847-c5b4-47b5-a5ff-f3eca204a639
11-03 15:23:41 com_github_MitjaNemec_ReplicateLayout.replicate_layout 985:Src text UUid:5cf8fd04-9489-47f8-9a2f-c09ed0e374f7
11-03 15:23:41 com_github_MitjaNemec_ReplicateLayout.replicate_layout 986:Dst text UUid:c4b02e8a-b137-4557-a464-76195f619198
11-03 15:23:41 com_github_MitjaNemec_ReplicateLayout.replicate_layout 985:Src text UUid:637de120-7ff2-4d51-9933-73b870ce155b
11-03 15:23:41 com_github_MitjaNemec_ReplicateLayout.replicate_layout 986:Dst text UUid:5cf363e5-08e8-453c-8ce8-e8590b158e5e
11-03 15:23:41 com_github_MitjaNemec_ReplicateLayout.replicate_layout 985:Src text UUid:1f2da46d-ac37-4c43-a05a-a8be2bf81e00
11-03 15:23:41 com_github_MitjaNemec_ReplicateLayout.replicate_layout 986:Dst text UUid:b210e01b-5d6a-4c12-8c73-4507434fc4a3
11-03 15:23:41 com_github_MitjaNemec_ReplicateLayout.replicate_layout 985:Src text UUid:93c70363-458e-4a8e-83b3-ebc2c8e93fb5
11-03 15:23:41 com_github_MitjaNemec_ReplicateLayout.replicate_layout 986:Dst text UUid:edde068e-3f0a-492a-a3c2-201e426a63f7
11-03 15:23:41 com_github_MitjaNemec_ReplicateLayout.replicate_layout 985:Src text UUid:8253d8f8-7d13-44cc-b8c3-25506d3c6d35
11-03 15:23:41 com_github_MitjaNemec_ReplicateLayout.replicate_layout 986:Dst text UUid:42c5d679-fa5e-4ae6-8433-83d53484576c
11-03 15:23:41 com_github_MitjaNemec_ReplicateLayout.replicate_layout 985:Src text UUid:e849333b-94ee-453d-9c53-7589793a326c
11-03 15:23:41 com_github_MitjaNemec_ReplicateLayout.replicate_layout 986:Dst text UUid:05db12c2-95ca-4159-887a-b61f11cc2fd8
11-03 15:23:41 com_github_MitjaNemec_ReplicateLayout.replicate_layout 985:Src text UUid:9cdaf88e-ec04-4fda-ad74-e2df7d9f39d5
11-03 15:23:41 com_github_MitjaNemec_ReplicateLayout.replicate_layout 986:Dst text UUid:c5099ce8-5f7c-4914-a293-337dcd45120f
11-03 15:23:41 com_github_MitjaNemec_ReplicateLayout.replicate_layout 985:Src text UUid:78523b5c-fce0-4de9-8406-2c63e838d700
11-03 15:23:41 com_github_MitjaNemec_ReplicateLayout.replicate_layout 986:Dst text UUid:cac6f695-97aa-4f0b-8a8d-7f5773a1aab5
11-03 15:23:41 com_github_MitjaNemec_ReplicateLayout.replicate_layout 985:Src text UUid:4e70d403-1037-4c47-97c8-fe30ea0e8b4a
11-03 15:23:41 com_github_MitjaNemec_ReplicateLayout.replicate_layout 986:Dst text UUid:9d5e6b5b-8c1b-4d31-a80e-91324242fd84
11-03 15:23:41 com_github_MitjaNemec_ReplicateLayout.replicate_layout 985:Src text UUid:8541ca5a-f7ca-4838-8ec9-3e36dc0f7226
11-03 15:23:41 com_github_MitjaNemec_ReplicateLayout.replicate_layout 986:Dst text UUid:2e48b12a-c7fc-427a-b683-7a5bec3f0811
11-03 15:23:41 com_github_MitjaNemec_ReplicateLayout.replicate_layout 985:Src text UUid:9e218271-e188-4700-83f2-67936554d481
11-03 15:23:41 com_github_MitjaNemec_ReplicateLayout.replicate_layout 986:Dst text UUid:51d97c35-41b2-4cd8-98b2-c54a9f27894d
11-03 15:23:41 com_github_MitjaNemec_ReplicateLayout.replicate_layout 985:Src text UUid:a55871f5-638b-4612-a00b-daad967a656f
11-03 15:23:41 com_github_MitjaNemec_ReplicateLayout.replicate_layout 986:Dst text UUid:97cce9d0-8e22-49a3-b175-bc153dc57f08
11-03 15:23:41 com_github_MitjaNemec_ReplicateLayout.replicate_layout 985:Src text UUid:e26436cf-4a25-4c01-aa67-120548e9c985
11-03 15:23:41 com_github_MitjaNemec_ReplicateLayout.replicate_layout 986:Dst text UUid:4042b7f7-731a-4a03-9933-433a04d9323d
11-03 15:23:41 com_github_MitjaNemec_ReplicateLayout.replicate_layout 985:Src text UUid:20f263fc-7d87-44cc-81b7-0dc2f2e5ec1d
11-03 15:23:41 com_github_MitjaNemec_ReplicateLayout.replicate_layout 986:Dst text UUid:d06ae7f5-7ec7-4f2b-a5f6-21948e63fc9e
11-03 15:23:41 com_github_MitjaNemec_ReplicateLayout.replicate_layout 985:Src text UUid:c1708bcc-86c7-4032-bc44-0f5a6553051e
11-03 15:23:41 com_github_MitjaNemec_ReplicateLayout.replicate_layout 986:Dst text UUid:26d4bf4c-c3b7-4b10-b94a-d3ffb599febe
11-03 15:23:41 com_github_MitjaNemec_ReplicateLayout.replicate_layout 985:Src text UUid:4a010de9-96c1-43f8-b0e6-650f234399b0
11-03 15:23:41 com_github_MitjaNemec_ReplicateLayout.replicate_layout 986:Dst text UUid:aea158a3-69ec-4d4f-ac70-15db631be48a
11-03 15:23:41 com_github_MitjaNemec_ReplicateLayout.replicate_layout 985:Src text UUid:2a688308-e6b8-4edc-b8cd-5181e26f93aa
11-03 15:23:41 com_github_MitjaNemec_ReplicateLayout.replicate_layout 986:Dst text UUid:a6311da4-3a6c-4b92-b867-748578f98321
11-03 15:23:41 com_github_MitjaNemec_ReplicateLayout.replicate_layout 985:Src text UUid:984a8f45-c9d4-444b-811b-710fb6f6b201
11-03 15:23:41 com_github_MitjaNemec_ReplicateLayout.replicate_layout 986:Dst text UUid:c1bea5f8-55dc-4e42-ab4a-7f20c1842f35
11-03 15:23:41 com_github_MitjaNemec_ReplicateLayout.replicate_layout 985:Src text UUid:01385ba3-9115-4b63-9501-b974cbf0fd49
11-03 15:23:41 com_github_MitjaNemec_ReplicateLayout.replicate_layout 986:Dst text UUid:5a6096d7-8439-4670-9303-fa475900ceda
11-03 15:23:41 com_github_MitjaNemec_ReplicateLayout.replicate_layout 985:Src text UUid:eee10a86-a684-479d-aa2c-ef453d7849cc
11-03 15:23:41 com_github_MitjaNemec_ReplicateLayout.replicate_layout 986:Dst text UUid:92bc8b54-ed23-466f-974c-53650e5a5113
11-03 15:23:41 com_github_MitjaNemec_ReplicateLayout.replicate_layout 985:Src text UUid:a9ce83d3-b159-4787-a1bb-46d5dae3ab6a
11-03 15:23:41 com_github_MitjaNemec_ReplicateLayout.replicate_layout 986:Dst text UUid:6c3b76fd-7233-4eef-9425-c4251ab45ece
11-03 15:23:41 com_github_MitjaNemec_ReplicateLayout.replicate_layout 985:Src text UUid:3d61b26a-9182-409b-bd96-38521109cc7a
11-03 15:23:41 com_github_MitjaNemec_ReplicateLayout.replicate_layout 986:Dst text UUid:8cf8da4b-f374-44e2-a2a2-3cd0e77d2313
11-03 15:23:41 com_github_MitjaNemec_ReplicateLayout.replicate_layout 985:Src text UUid:4a82b417-1646-481d-ae3f-13ca766b2d5e
11-03 15:23:41 com_github_MitjaNemec_ReplicateLayout.replicate_layout 986:Dst text UUid:1b177e75-d4bd-44e7-93f2-0202636400e0
11-03 15:23:41 com_github_MitjaNemec_ReplicateLayout.replicate_layout 985:Src text UUid:40f7cf6f-2973-4c3e-b037-b49ee7966002
11-03 15:23:41 com_github_MitjaNemec_ReplicateLayout.replicate_layout 986:Dst text UUid:dd02502a-27bb-4317-b679-5edc57579d9e
11-03 15:23:41 com_github_MitjaNemec_ReplicateLayout.replicate_layout 985:Src text UUid:cfc6dbac-4553-4f91-a161-8572eb7ca765
11-03 15:23:41 com_github_MitjaNemec_ReplicateLayout.replicate_layout 986:Dst text UUid:926050bb-3709-47cb-9a55-c6a619a49edf
11-03 15:23:41 com_github_MitjaNemec_ReplicateLayout.replicate_layout 985:Src text UUid:8eb1f2cc-be36-49f9-8c9a-ae2717c53ee0
11-03 15:23:41 com_github_MitjaNemec_ReplicateLayout.replicate_layout 986:Dst text UUid:2942a931-5b43-4ca0-87db-fcdee6ab9d11
11-03 15:23:41 com_github_MitjaNemec_ReplicateLayout.replicate_layout 985:Src text UUid:daef1553-a84d-4a11-b277-1c256efddfc6
11-03 15:23:41 com_github_MitjaNemec_ReplicateLayout.replicate_layout 986:Dst text UUid:aca836fe-5966-4ea0-9a51-239c8ed7c021
11-03 15:23:41 com_github_MitjaNemec_ReplicateLayout.replicate_layout 985:Src text UUid:0561d9b0-6e4f-4a8c-9e45-7a6a331b3972
11-03 15:23:41 com_github_MitjaNemec_ReplicateLayout.replicate_layout 986:Dst text UUid:41024e33-26a2-4a93-878f-50fb5681d9aa
11-03 15:23:41 com_github_MitjaNemec_ReplicateLayout.replicate_layout 985:Src text UUid:fcc15557-fe3a-48b6-b7e4-f607b04e6384
11-03 15:23:41 com_github_MitjaNemec_ReplicateLayout.replicate_layout 986:Dst text UUid:8018948e-a42a-431d-a019-9e102e8de728
11-03 15:23:41 com_github_MitjaNemec_ReplicateLayout.replicate_layout 985:Src text UUid:26081c2b-4426-4910-b889-fdab5baa0136
11-03 15:23:41 com_github_MitjaNemec_ReplicateLayout.replicate_layout 986:Dst text UUid:4436d302-23c2-490d-8be4-0c59da91c26d
11-03 15:23:41 com_github_MitjaNemec_ReplicateLayout.replicate_layout 985:Src text UUid:8ff37c3e-aab8-4418-9504-86ddadc7227f
11-03 15:23:41 com_github_MitjaNemec_ReplicateLayout.replicate_layout 986:Dst text UUid:d2917c03-0bb8-4062-9fa0-4d6919fb4408
11-03 15:23:41 com_github_MitjaNemec_ReplicateLayout.replicate_layout 985:Src text UUid:3fbcf2c9-f4ef-4c76-8762-5fb79f09ff38
11-03 15:23:41 com_github_MitjaNemec_ReplicateLayout.replicate_layout 986:Dst text UUid:0a0ec537-540a-4790-a421-5dfd97d12631
11-03 15:23:41 com_github_MitjaNemec_ReplicateLayout.replicate_layout 985:Src text UUid:b6419b87-a858-4060-aa72-0944878ab273
11-03 15:23:41 com_github_MitjaNemec_ReplicateLayout.replicate_layout 986:Dst text UUid:cfb3d0f1-b20b-4414-8dda-bae17dc07911
11-03 15:23:41 com_github_MitjaNemec_ReplicateLayout.replicate_layout 985:Src text UUid:8683e3d4-ed6b-4069-9c09-22bade9e92a8
11-03 15:23:41 com_github_MitjaNemec_ReplicateLayout.replicate_layout 986:Dst text UUid:f007de5d-0076-4932-b606-196e27b6e1ce
11-03 15:23:41 com_github_MitjaNemec_ReplicateLayout.replicate_layout 985:Src text UUid:a70c2b72-abe1-4c76-8a2c-b533614de085
11-03 15:23:41 com_github_MitjaNemec_ReplicateLayout.replicate_layout 986:Dst text UUid:c9bd8ab0-e055-4d09-b689-a221415efb6e
11-03 15:23:41 com_github_MitjaNemec_ReplicateLayout.replicate_layout 985:Src text UUid:e688bdc7-68b4-4773-8fbf-e3e780302df9
11-03 15:23:41 com_github_MitjaNemec_ReplicateLayout.replicate_layout 986:Dst text UUid:c19c634b-548d-42f0-9b2d-d2c3accd666d
11-03 15:23:41 com_github_MitjaNemec_ReplicateLayout.replicate_layout 985:Src text UUid:a388835a-2c91-415f-9189-ed9fc076702e
11-03 15:23:41 com_github_MitjaNemec_ReplicateLayout.replicate_layout 986:Dst text UUid:796ca2aa-ab92-4bbf-a462-e62f48e975d8
11-03 15:23:41 com_github_MitjaNemec_ReplicateLayout.replicate_layout 985:Src text UUid:41ef859e-80a9-4a8e-bbc8-1218eadca20f
11-03 15:23:41 com_github_MitjaNemec_ReplicateLayout.replicate_layout 986:Dst text UUid:bdc3e7f9-f17b-4740-bab1-90c7350f0b06
11-03 15:23:41 com_github_MitjaNemec_ReplicateLayout.replicate_layout 985:Src text UUid:9a86452e-26ea-4390-be6b-e350657ca655
11-03 15:23:41 com_github_MitjaNemec_ReplicateLayout.replicate_layout 986:Dst text UUid:f81423f9-71d6-49b0-9da8-950ede19e2b5
11-03 15:23:41 com_github_MitjaNemec_ReplicateLayout.replicate_layout 985:Src text UUid:8c21e72a-1580-447c-83ed-5a9d17de3344
11-03 15:23:41 com_github_MitjaNemec_ReplicateLayout.replicate_layout 986:Dst text UUid:25ecf5ee-f72c-4b11-9c6b-4ad59f049acf
11-03 15:23:41 com_github_MitjaNemec_ReplicateLayout.replicate_layout 985:Src text UUid:17db2b49-1f3a-4620-8310-837c4bfe73f5
11-03 15:23:41 com_github_MitjaNemec_ReplicateLayout.replicate_layout 986:Dst text UUid:8d04fcda-b525-48e5-9ec8-c47de37936bd
11-03 15:23:41 com_github_MitjaNemec_ReplicateLayout.replicate_layout 985:Src text UUid:2d6497d8-c088-49c1-a6c6-5e8931d59451
11-03 15:23:41 com_github_MitjaNemec_ReplicateLayout.replicate_layout 986:Dst text UUid:930dc1ed-a6bb-4c90-848b-4d84f29d1217
11-03 15:23:41 com_github_MitjaNemec_ReplicateLayout.replicate_layout 985:Src text UUid:b3e00fd3-61a5-4463-9f44-1ee5b2924396
11-03 15:23:41 com_github_MitjaNemec_ReplicateLayout.replicate_layout 986:Dst text UUid:71346de0-c97d-42de-aadd-c74622a99d2e
11-03 15:23:41 com_github_MitjaNemec_ReplicateLayout.replicate_layout 985:Src text UUid:36496921-1b09-49ed-8371-f469a04d5113
11-03 15:23:41 com_github_MitjaNemec_ReplicateLayout.replicate_layout 986:Dst text UUid:7c8ab250-7d2e-42bc-83f7-a4088cd3b5ed
11-03 15:23:41 com_github_MitjaNemec_ReplicateLayout.replicate_layout 985:Src text UUid:add1a0bf-95f2-4fd8-b28b-2690f63d91a9
11-03 15:23:41 com_github_MitjaNemec_ReplicateLayout.replicate_layout 986:Dst text UUid:0ed6a52d-0caf-4d61-98f0-218ea11c25bb
11-03 15:23:41 com_github_MitjaNemec_ReplicateLayout.replicate_layout 985:Src text UUid:ab41952f-3b6f-4318-8096-018df114b67a
11-03 15:23:41 com_github_MitjaNemec_ReplicateLayout.replicate_layout 986:Dst text UUid:e43c3280-c45b-4b02-910e-00d9a2cce103
11-03 15:23:41 com_github_MitjaNemec_ReplicateLayout.replicate_layout 985:Src text UUid:419127f2-603e-440e-81a8-c2faef9b1c5b
11-03 15:23:41 com_github_MitjaNemec_ReplicateLayout.replicate_layout 986:Dst text UUid:211955a8-9225-477f-9f53-96d735a7e00a
11-03 15:23:41 com_github_MitjaNemec_ReplicateLayout.replicate_layout 985:Src text UUid:75f2b10e-6e5b-4e8b-b85b-7187db171de1
11-03 15:23:41 com_github_MitjaNemec_ReplicateLayout.replicate_layout 986:Dst text UUid:7f73e5c8-1e15-4a35-be84-0af04a9ebd7f
11-03 15:23:41 com_github_MitjaNemec_ReplicateLayout.replicate_layout 985:Src text UUid:beefa3ee-70ab-4684-8e57-bba067655227
11-03 15:23:41 com_github_MitjaNemec_ReplicateLayout.replicate_layout 986:Dst text UUid:deeabf88-2695-4585-b073-a58977028601
11-03 15:23:41 com_github_MitjaNemec_ReplicateLayout.replicate_layout 985:Src text UUid:8c975bfd-665a-4f53-990b-79ac80b5c3ac
11-03 15:23:41 com_github_MitjaNemec_ReplicateLayout.replicate_layout 986:Dst text UUid:7d37077c-7cca-41bf-8306-200a1c416a25
11-03 15:23:41 com_github_MitjaNemec_ReplicateLayout.replicate_layout 985:Src text UUid:85c37365-bc07-427c-8818-cabeb94bc65d
11-03 15:23:41 com_github_MitjaNemec_ReplicateLayout.replicate_layout 986:Dst text UUid:b7589122-d36a-43d8-bb74-a40669c2c10b
11-03 15:23:41 com_github_MitjaNemec_ReplicateLayout.replicate_layout 985:Src text UUid:2bbda822-c177-454a-bb28-0b74736d6937
11-03 15:23:41 com_github_MitjaNemec_ReplicateLayout.replicate_layout 986:Dst text UUid:534d94a0-7a53-478e-b9d2-a6524485ecfe
11-03 15:23:41 com_github_MitjaNemec_ReplicateLayout.replicate_layout 985:Src text UUid:975bd2b3-f5ca-4a01-893a-dd5d4f7790e7
11-03 15:23:41 com_github_MitjaNemec_ReplicateLayout.replicate_layout 986:Dst text UUid:b5cc3af5-d74d-4f81-bea1-998141eaf65e
11-03 15:23:41 com_github_MitjaNemec_ReplicateLayout.replicate_layout 985:Src text UUid:cf0d0588-c938-41b7-987a-e4ddd89fd1c8
11-03 15:23:41 com_github_MitjaNemec_ReplicateLayout.replicate_layout 986:Dst text UUid:f708c51a-eab4-4c15-bb4b-1cbec6b0fad8
11-03 15:23:41 com_github_MitjaNemec_ReplicateLayout.replicate_layout 985:Src text UUid:486da276-a40d-4851-93c7-5f9ad0c113c9
11-03 15:23:41 com_github_MitjaNemec_ReplicateLayout.replicate_layout 986:Dst text UUid:2d0d1bab-cb31-4f6d-887e-62d60862b000
11-03 15:23:41 com_github_MitjaNemec_ReplicateLayout.replicate_layout 985:Src text UUid:6bf3b39f-c95e-4ec7-bbac-0e2c5fda7414
11-03 15:23:41 com_github_MitjaNemec_ReplicateLayout.replicate_layout 986:Dst text UUid:7ffba693-1241-4aeb-bca4-5b580ed4113c
11-03 15:23:41 com_github_MitjaNemec_ReplicateLayout.replicate_layout 985:Src text UUid:61c4f2c2-0b2d-4a9d-a7d0-9de7bfb597d7
11-03 15:23:41 com_github_MitjaNemec_ReplicateLayout.replicate_layout 986:Dst text UUid:2e191046-26cf-4285-a8de-519f8239036c
11-03 15:23:41 root 337:updating GUI with: 89
11-03 15:23:41 com_github_MitjaNemec_ReplicateLayout.replicate_layout 985:Src text UUid:62f47839-e9ce-43da-82d6-c10f9cb6cf64
11-03 15:23:41 com_github_MitjaNemec_ReplicateLayout.replicate_layout 986:Dst text UUid:7c547aac-7703-4794-8699-03209c9aebbf
11-03 15:23:41 com_github_MitjaNemec_ReplicateLayout.replicate_layout 985:Src text UUid:7d378353-8328-4597-8fda-72ce00fdf99d
11-03 15:23:41 com_github_MitjaNemec_ReplicateLayout.replicate_layout 986:Dst text UUid:84b80289-2b05-46f1-beb5-82212479adc2
11-03 15:23:41 com_github_MitjaNemec_ReplicateLayout.replicate_layout 985:Src text UUid:ee200236-345c-4d79-8b87-32f65099ae8b
11-03 15:23:41 com_github_MitjaNemec_ReplicateLayout.replicate_layout 986:Dst text UUid:650614fb-673c-4f7f-a330-10d2aad8a3e0
11-03 15:23:41 com_github_MitjaNemec_ReplicateLayout.replicate_layout 985:Src text UUid:699a8c76-7cae-45b2-a3fd-7f10cf568056
11-03 15:23:41 com_github_MitjaNemec_ReplicateLayout.replicate_layout 986:Dst text UUid:572c649e-e12d-47df-b379-0900071f0353
11-03 15:23:41 com_github_MitjaNemec_ReplicateLayout.replicate_layout 985:Src text UUid:09f3bff2-d370-40a5-bd91-ac54496e047e
11-03 15:23:41 com_github_MitjaNemec_ReplicateLayout.replicate_layout 986:Dst text UUid:68441649-ec7e-4e46-b86a-242f072b0d37
11-03 15:23:41 com_github_MitjaNemec_ReplicateLayout.replicate_layout 985:Src text UUid:c8a6c018-2911-4662-8886-3864b1e3ec63
11-03 15:23:41 com_github_MitjaNemec_ReplicateLayout.replicate_layout 986:Dst text UUid:22897e2a-3690-4d9e-9998-b25f56d13dea
11-03 15:23:41 com_github_MitjaNemec_ReplicateLayout.replicate_layout 985:Src text UUid:bb8b1f27-a0c7-4b26-a8f8-8ab0da6f6b9c
11-03 15:23:41 com_github_MitjaNemec_ReplicateLayout.replicate_layout 986:Dst text UUid:0f652d18-3544-4363-9228-91c1b5e9cf7b
11-03 15:23:41 com_github_MitjaNemec_ReplicateLayout.replicate_layout 985:Src text UUid:142c4313-647c-420b-8709-9937ef6fa788
11-03 15:23:41 com_github_MitjaNemec_ReplicateLayout.replicate_layout 986:Dst text UUid:55305634-aafc-4b25-85a5-63042987f604
11-03 15:23:41 com_github_MitjaNemec_ReplicateLayout.replicate_layout 985:Src text UUid:a98f31e2-76f8-4d03-ae2a-e8f3030d11e1
11-03 15:23:41 com_github_MitjaNemec_ReplicateLayout.replicate_layout 986:Dst text UUid:9df3b25e-5dec-4db8-bdf8-aaead0a542fd
11-03 15:23:41 com_github_MitjaNemec_ReplicateLayout.replicate_layout 985:Src text UUid:72dffa6a-ebe1-45af-b8b0-3af20ad05bb5
11-03 15:23:41 com_github_MitjaNemec_ReplicateLayout.replicate_layout 986:Dst text UUid:fff94546-5c92-4589-bc92-8617877c756e
11-03 15:23:41 com_github_MitjaNemec_ReplicateLayout.replicate_layout 985:Src text UUid:96a27394-150e-4391-82d7-5607a653cf3f
11-03 15:23:41 com_github_MitjaNemec_ReplicateLayout.replicate_layout 986:Dst text UUid:b3a577b1-f888-4fab-80f1-87a2a123df96
11-03 15:23:41 com_github_MitjaNemec_ReplicateLayout.replicate_layout 985:Src text UUid:c2401771-4312-4147-ba5a-ecab27a42c2e
11-03 15:23:41 com_github_MitjaNemec_ReplicateLayout.replicate_layout 986:Dst text UUid:06349306-9759-40b0-bff5-622b03a67986
11-03 15:23:41 com_github_MitjaNemec_ReplicateLayout.replicate_layout 985:Src text UUid:6a050e00-9ab6-42e9-a361-b59f3ce463b1
11-03 15:23:41 com_github_MitjaNemec_ReplicateLayout.replicate_layout 986:Dst text UUid:8c8000b8-a278-44e3-a020-1c5ccd59e7bd
11-03 15:23:41 com_github_MitjaNemec_ReplicateLayout.replicate_layout 985:Src text UUid:976615f1-9e4d-4130-b45a-ade83441ccda
11-03 15:23:41 com_github_MitjaNemec_ReplicateLayout.replicate_layout 986:Dst text UUid:930491cd-70f7-4bae-89da-1db1c33d751b
11-03 15:23:41 com_github_MitjaNemec_ReplicateLayout.replicate_layout 985:Src text UUid:c62af097-a850-4c91-a3b9-38f943d11d8a
11-03 15:23:41 com_github_MitjaNemec_ReplicateLayout.replicate_layout 986:Dst text UUid:bd03edd6-8e59-44a0-b790-bca293b5a8f1
11-03 15:23:41 com_github_MitjaNemec_ReplicateLayout.replicate_layout 985:Src text UUid:3e0fdc87-5dec-43d6-b924-b8012666942a
11-03 15:23:41 com_github_MitjaNemec_ReplicateLayout.replicate_layout 986:Dst text UUid:e202ad6e-0a43-4441-ab7e-1d298d5133f1
11-03 15:23:41 com_github_MitjaNemec_ReplicateLayout.replicate_layout 985:Src text UUid:611c6ef3-42ad-4555-a4b0-fabb9e9b9ab3
11-03 15:23:41 com_github_MitjaNemec_ReplicateLayout.replicate_layout 986:Dst text UUid:7e319cd4-d6de-4627-9103-33efe91c8d62
11-03 15:23:41 com_github_MitjaNemec_ReplicateLayout.replicate_layout 985:Src text UUid:973c8282-bc26-4b26-9f52-bc07c205cbc1
11-03 15:23:41 com_github_MitjaNemec_ReplicateLayout.replicate_layout 986:Dst text UUid:448939b8-b1a7-4611-a2b3-081c2585152b
11-03 15:23:41 com_github_MitjaNemec_ReplicateLayout.replicate_layout 985:Src text UUid:e1bf1213-cb62-4770-8570-cea007594ecf
11-03 15:23:41 com_github_MitjaNemec_ReplicateLayout.replicate_layout 986:Dst text UUid:218f1a38-4183-4d74-9177-7ed373934434
11-03 15:23:41 com_github_MitjaNemec_ReplicateLayout.replicate_layout 985:Src text UUid:fb2eae33-9975-4d1a-9357-93b1a10ebad5
11-03 15:23:41 com_github_MitjaNemec_ReplicateLayout.replicate_layout 986:Dst text UUid:7f1bd723-aae7-412e-b201-baf187a92896
11-03 15:23:41 com_github_MitjaNemec_ReplicateLayout.replicate_layout 985:Src text UUid:ff59999d-e576-43bf-af60-d8b29779c64c
11-03 15:23:41 com_github_MitjaNemec_ReplicateLayout.replicate_layout 986:Dst text UUid:d4999275-8752-487e-b8cd-b398b34c7ef9
11-03 15:23:41 root 332:updating GUI message: 'Replicating tracks'
11-03 15:23:41 com_github_MitjaNemec_ReplicateLayout.replicate_layout 1009:Replicating tracks
11-03 15:23:41 com_github_MitjaNemec_ReplicateLayout.replicate_layout 1015:Replicating tracks on sheet ['amp_1']
11-03 15:23:41 com_github_MitjaNemec_ReplicateLayout.replicate_layout 792:Net pairs for sheet ['amp_1'] :[('Net-(U1B-CL_B)', 'Net-(U3B-CL_B)'), ('Net-(U1A--IN_A)', 'Net-(U3A--IN_A)'), ('input_1b', 'input_1b'), ('Net-(U1B-CC_B_1)', 'Net-(U3B-CC_B_1)'), ('/amp_0/output1_lv', '/amp_1/output1_lv'), ('Net-(R16-Pad1)', 'Net-(R2-Pad1)'), ('input_0a', 'input_0a'), ('Net-(C12-Pad2)', 'Net-(C1-Pad2)'), ('/amp_0/output3_lv', '/amp_1/output3_lv'), ('Net-(C13-Pad2)', 'Net-(C2-Pad2)'), ('Net-(U1A-CL_A)', 'Net-(U3A-CL_A)'), ('output_1', 'output_1'), ('Net-(U2A-INA+)', 'Net-(U4A-INA+)'), ('/amp_0/output0_lv', '/amp_1/output0_lv'), ('GND', 'GND'), ('input_0b', 'input_0b'), ('+12V', '+12V'), ('Net-(U1A-CC_A_2)', 'Net-(U3A-CC_A_2)'), ('Net-(U1A-NC_1)', 'Net-(U3A-NC_1)'), ('Net-(C15-Pad2)', 'Net-(C4-Pad2)'), ('Net-(C14-Pad2)', 'Net-(C3-Pad2)'), ('output_0', 'output_0'), ('Net-(U1B--IN_B)', 'Net-(U3B--IN_B)'), ('Net-(U2B-INB+)', 'Net-(U4B-INB+)'), ('Net-(U2B-INB-)', 'Net-(U4B-INB-)'), ('HV', 'HV'), ('', ''), ('Net-(U2A-INA-)', 'Net-(U4A-INA-)'), ('Net-(U1A-CC_A_1)', 'Net-(U3A-CC_A_1)'), ('Net-(R18-Pad1)', 'Net-(R4-Pad1)'), ('input_3a', 'input_3a'), ('Net-(U1B-CC_B_2)', 'Net-(U3B-CC_B_2)')]
11-03 15:23:41 com_github_MitjaNemec_ReplicateLayout.replicate_layout 1015:Replicating tracks on sheet ['amp_2']
11-03 15:23:41 com_github_MitjaNemec_ReplicateLayout.replicate_layout 792:Net pairs for sheet ['amp_2'] :[('input_1b', 'input_1b'), ('Net-(U2B-INB-)', 'Net-(U6B-INB-)'), ('input_0a', 'input_0a'), ('Net-(U1B-CC_B_1)', 'Net-(U5B-CC_B_1)'), ('/amp_0/output1_lv', '/amp_2/output1_lv'), ('Net-(C15-Pad2)', 'Net-(C26-Pad2)'), ('output_1', 'output_1'), ('Net-(U1A--IN_A)', 'Net-(U5A--IN_A)'), ('Net-(U1A-CC_A_1)', 'Net-(U5A-CC_A_1)'), ('/amp_0/output3_lv', '/amp_2/output3_lv'), ('Net-(U2B-INB+)', 'Net-(U6B-INB+)'), ('Net-(U2A-INA+)', 'Net-(U6A-INA+)'), ('GND', 'GND'), ('input_0b', 'input_0b'), ('Net-(C13-Pad2)', 'Net-(C24-Pad2)'), ('+12V', '+12V'), ('Net-(C12-Pad2)', 'Net-(C23-Pad2)'), ('Net-(C14-Pad2)', 'Net-(C25-Pad2)'), ('Net-(U2A-INA-)', 'Net-(U6A-INA-)'), ('output_0', 'output_0'), ('Net-(R18-Pad1)', 'Net-(R32-Pad1)'), ('Net-(U1B-CL_B)', 'Net-(U5B-CL_B)'), ('Net-(U1A-CC_A_2)', 'Net-(U5A-CC_A_2)'), ('HV', 'HV'), ('', ''), ('Net-(U1B-CC_B_2)', 'Net-(U5B-CC_B_2)'), ('input_3a', 'input_3a'), ('Net-(R16-Pad1)', 'Net-(R30-Pad1)'), ('/amp_0/output0_lv', '/amp_2/output0_lv'), ('Net-(U1A-NC_1)', 'Net-(U5A-NC_1)'), ('Net-(U1B--IN_B)', 'Net-(U5B--IN_B)'), ('Net-(U1A-CL_A)', 'Net-(U5A-CL_A)')]
11-03 15:23:41 root 332:updating GUI message: 'Replicating zones'
11-03 15:23:41 com_github_MitjaNemec_ReplicateLayout.replicate_layout 1079:Replicating zones
11-03 15:23:41 com_github_MitjaNemec_ReplicateLayout.replicate_layout 1086:Replicating zones on sheet ['amp_1']
11-03 15:23:41 com_github_MitjaNemec_ReplicateLayout.replicate_layout 792:Net pairs for sheet ['amp_1'] :[('Net-(U1B-CL_B)', 'Net-(U3B-CL_B)'), ('Net-(U1A--IN_A)', 'Net-(U3A--IN_A)'), ('input_1b', 'input_1b'), ('Net-(U1B-CC_B_1)', 'Net-(U3B-CC_B_1)'), ('/amp_0/output1_lv', '/amp_1/output1_lv'), ('Net-(R16-Pad1)', 'Net-(R2-Pad1)'), ('input_0a', 'input_0a'), ('Net-(C12-Pad2)', 'Net-(C1-Pad2)'), ('/amp_0/output3_lv', '/amp_1/output3_lv'), ('Net-(C13-Pad2)', 'Net-(C2-Pad2)'), ('Net-(U1A-CL_A)', 'Net-(U3A-CL_A)'), ('output_1', 'output_1'), ('Net-(U2A-INA+)', 'Net-(U4A-INA+)'), ('/amp_0/output0_lv', '/amp_1/output0_lv'), ('GND', 'GND'), ('input_0b', 'input_0b'), ('+12V', '+12V'), ('Net-(U1A-CC_A_2)', 'Net-(U3A-CC_A_2)'), ('Net-(U1A-NC_1)', 'Net-(U3A-NC_1)'), ('Net-(C15-Pad2)', 'Net-(C4-Pad2)'), ('Net-(C14-Pad2)', 'Net-(C3-Pad2)'), ('output_0', 'output_0'), ('Net-(U1B--IN_B)', 'Net-(U3B--IN_B)'), ('Net-(U2B-INB+)', 'Net-(U4B-INB+)'), ('Net-(U2B-INB-)', 'Net-(U4B-INB-)'), ('HV', 'HV'), ('', ''), ('Net-(U2A-INA-)', 'Net-(U4A-INA-)'), ('Net-(U1A-CC_A_1)', 'Net-(U3A-CC_A_1)'), ('Net-(R18-Pad1)', 'Net-(R4-Pad1)'), ('input_3a', 'input_3a'), ('Net-(U1B-CC_B_2)', 'Net-(U3B-CC_B_2)')]
11-03 15:23:41 com_github_MitjaNemec_ReplicateLayout.replicate_layout 1086:Replicating zones on sheet ['amp_2']
11-03 15:23:41 com_github_MitjaNemec_ReplicateLayout.replicate_layout 792:Net pairs for sheet ['amp_2'] :[('input_1b', 'input_1b'), ('Net-(U2B-INB-)', 'Net-(U6B-INB-)'), ('input_0a', 'input_0a'), ('Net-(U1B-CC_B_1)', 'Net-(U5B-CC_B_1)'), ('/amp_0/output1_lv', '/amp_2/output1_lv'), ('Net-(C15-Pad2)', 'Net-(C26-Pad2)'), ('output_1', 'output_1'), ('Net-(U1A--IN_A)', 'Net-(U5A--IN_A)'), ('Net-(U1A-CC_A_1)', 'Net-(U5A-CC_A_1)'), ('/amp_0/output3_lv', '/amp_2/output3_lv'), ('Net-(U2B-INB+)', 'Net-(U6B-INB+)'), ('Net-(U2A-INA+)', 'Net-(U6A-INA+)'), ('GND', 'GND'), ('input_0b', 'input_0b'), ('Net-(C13-Pad2)', 'Net-(C24-Pad2)'), ('+12V', '+12V'), ('Net-(C12-Pad2)', 'Net-(C23-Pad2)'), ('Net-(C14-Pad2)', 'Net-(C25-Pad2)'), ('Net-(U2A-INA-)', 'Net-(U6A-INA-)'), ('output_0', 'output_0'), ('Net-(R18-Pad1)', 'Net-(R32-Pad1)'), ('Net-(U1B-CL_B)', 'Net-(U5B-CL_B)'), ('Net-(U1A-CC_A_2)', 'Net-(U5A-CC_A_2)'), ('HV', 'HV'), ('', ''), ('Net-(U1B-CC_B_2)', 'Net-(U5B-CC_B_2)'), ('input_3a', 'input_3a'), ('Net-(R16-Pad1)', 'Net-(R30-Pad1)'), ('/amp_0/output0_lv', '/amp_2/output0_lv'), ('Net-(U1A-NC_1)', 'Net-(U5A-NC_1)'), ('Net-(U1B--IN_B)', 'Net-(U5B--IN_B)'), ('Net-(U1A-CL_A)', 'Net-(U5A-CL_A)')]
11-03 15:23:41 root 332:updating GUI message: 'Replicating text'
11-03 15:23:41 com_github_MitjaNemec_ReplicateLayout.replicate_layout 1168:Replicating text
11-03 15:23:41 com_github_MitjaNemec_ReplicateLayout.replicate_layout 1175:Replicating text on sheet ['amp_1']
11-03 15:23:41 com_github_MitjaNemec_ReplicateLayout.replicate_layout 1175:Replicating text on sheet ['amp_2']
11-03 15:23:41 root 332:updating GUI message: 'Replicating drawings'
11-03 15:23:41 com_github_MitjaNemec_ReplicateLayout.replicate_layout 1219:Replicating drawings
11-03 15:23:41 com_github_MitjaNemec_ReplicateLayout.replicate_layout 1225:Replicating drawings on sheet ['amp_1']
11-03 15:23:41 com_github_MitjaNemec_ReplicateLayout.replicate_layout 1225:Replicating drawings on sheet ['amp_2']
11-03 15:23:41 com_github_MitjaNemec_ReplicateLayout.action_replicate_layout 256:Replication complete
