11-12 11:57:59 com_github_MitjaNemec_ReplicateLayout.action_replicate_layout 392:Plugin executed on: 'win32'
11-12 11:57:59 com_github_MitjaNemec_ReplicateLayout.action_replicate_layout 393:Plugin executed with python version: '3.11.5 (main, Aug 14 2024, 05:26:19) [MSC v.1939 64 bit (AMD64)]'
11-12 11:57:59 com_github_MitjaNemec_ReplicateLayout.action_replicate_layout 394:KiCad build version: 8.0.5
11-12 11:57:59 com_github_MitjaNemec_ReplicateLayout.action_replicate_layout 395:Plugin version: 3.0.3
11-12 11:57:59 com_github_MitjaNemec_ReplicateLayout.action_replicate_layout 396:Frame repr: <wx._core.Frame object at 0x0000024A21175BD0>
11-12 11:57:59 com_github_MitjaNemec_ReplicateLayout.action_replicate_layout 420:Preparing replicator with C21 as a reference
11-12 11:57:59 com_github_MitjaNemec_ReplicateLayout.replicate_layout 117:getting a list of all footprints on board
11-12 11:57:59 com_github_MitjaNemec_ReplicateLayout.action_replicate_layout 468:source anchor footprint is 'C21'
Located on: ['amp_0']
With filenames: ['amp0.kicad_sch']
With sheet_id:['amp_0']
11-12 11:57:59 com_github_MitjaNemec_ReplicateLayout.action_replicate_layout 475:Corresponding footprints are 
[('C33', ['amp_2']), ('C21', ['amp_0']), ('C9', ['amp_1'])]
11-12 11:57:59 com_github_MitjaNemec_ReplicateLayout.action_replicate_layout 487:Showing dialog
11-12 11:57:59 com_github_MitjaNemec_ReplicateLayout.replicate_layout 472:constructing a list of sheets suitable for replication on level:'amp_0', file:'amp0.kicad_sch'
11-12 11:57:59 com_github_MitjaNemec_ReplicateLayout.replicate_layout 509:suitable sheets are:[['amp_1'], ['amp_2']]
11-12 11:57:59 com_github_MitjaNemec_ReplicateLayout.replicate_layout 1507:Level selected: ['amp_0']
11-12 11:57:59 com_github_MitjaNemec_ReplicateLayout.replicate_layout 1331:Filtering list of tracks
11-12 11:57:59 com_github_MitjaNemec_ReplicateLayout.action_replicate_layout 493:Toolbar position: wx.Point(1516, 127)
11-12 11:57:59 com_github_MitjaNemec_ReplicateLayout.action_replicate_layout 498:Dialog position: wx.Point(1077, 127)
11-12 11:58:01 com_github_MitjaNemec_ReplicateLayout.replicate_layout 472:constructing a list of sheets suitable for replication on level:'amp_0', file:'amp0.kicad_sch'
11-12 11:58:01 com_github_MitjaNemec_ReplicateLayout.replicate_layout 509:suitable sheets are:[['amp_1'], ['amp_2']]
11-12 11:58:01 com_github_MitjaNemec_ReplicateLayout.action_replicate_layout 240:Replicating layout
11-12 11:58:01 com_github_MitjaNemec_ReplicateLayout.replicate_layout 288:Starting replication of sheets: [['amp_1'], ['amp_2']]
on level: ['amp_0']
with tracks=True, zone=True, text=True, text=True, intersecting=False, remove=False, locked footprints=False, group_only=False
11-12 11:58:01 root 332:updating GUI message: 'Preparing for replication'
11-12 11:58:01 root 337:updating GUI with: 0
11-12 11:58:01 com_github_MitjaNemec_ReplicateLayout.replicate_layout 358:Getting the list of source footprints
11-12 11:58:01 com_github_MitjaNemec_ReplicateLayout.replicate_layout 368:Getting the list of all the remaining footprints
11-12 11:58:01 com_github_MitjaNemec_ReplicateLayout.replicate_layout 375:Getting source tracks
11-12 11:58:01 com_github_MitjaNemec_ReplicateLayout.replicate_layout 1331:Filtering list of tracks
11-12 11:58:01 com_github_MitjaNemec_ReplicateLayout.replicate_layout 379:Getting source zones
11-12 11:58:01 root 337:updating GUI with: 50
11-12 11:58:01 com_github_MitjaNemec_ReplicateLayout.replicate_layout 383:Getting source text items
11-12 11:58:01 com_github_MitjaNemec_ReplicateLayout.replicate_layout 387:Getting source drawing items
