Drill report for amp_board_final.kicad_pcb
Created on 2024-11-15T20:54:01-0500

Copper Layer Stackup:
    =============================================================
    L1 :  F.Cu                      front
    L2 :  GND                       in1
    L3 :  C.Cu                      in2
    L4 :  B.Cu                      back


Drill file 'amp_board_final-PTH.drl' contains
    plated through holes:
    =============================================================
    T1  0.254mm  0.0100"  (420 holes)
    T2  0.850mm  0.0335"  (28 holes)
    T3  1.000mm  0.0394"  (20 holes)
    T4  1.050mm  0.0413"  (2 holes)
    T5  1.300mm  0.0512"  (12 holes)
    T6  1.500mm  0.0591"  (48 holes)
    T7  1.702mm  0.0670"  (20 holes)

    Total plated holes count 550


Drill file 'amp_board_final-NPTH.drl' contains
    unplated through holes:
    =============================================================

    Total unplated holes count 0
